<?xml version="1.0" encoding="UTF-8" ?>
<testsuite failures="0" time="0.007" errors="1" skipped="0" tests="1" name="com.focus3d.pano.test.ProductTest">
  <properties>
    <property name="java.runtime.name" value="Java(TM) SE Runtime Environment"/>
    <property name="sun.boot.library.path" value="F:\workspace_qianwanjian\jdk1.6.0_12\jre\bin"/>
    <property name="java.vm.version" value="11.2-b01"/>
    <property name="java.vm.vendor" value="Sun Microsystems Inc."/>
    <property name="java.vendor.url" value="http://java.sun.com/"/>
    <property name="path.separator" value=";"/>
    <property name="java.vm.name" value="Java HotSpot(TM) Client VM"/>
    <property name="file.encoding.pkg" value="sun.io"/>
    <property name="user.country" value="CN"/>
    <property name="sun.java.launcher" value="SUN_STANDARD"/>
    <property name="sun.os.patch.level" value=""/>
    <property name="java.vm.specification.name" value="Java Virtual Machine Specification"/>
    <property name="user.dir" value="F:\workspace_qianwanjian\pano-bms\pano-bms-web"/>
    <property name="java.runtime.version" value="1.6.0_12-b04"/>
    <property name="java.awt.graphicsenv" value="sun.awt.Win32GraphicsEnvironment"/>
    <property name="basedir" value="F:\workspace_qianwanjian\pano-bms\pano-bms-web"/>
    <property name="java.endorsed.dirs" value="F:\workspace_qianwanjian\jdk1.6.0_12\jre\lib\endorsed"/>
    <property name="os.arch" value="x86"/>
    <property name="surefire.real.class.path" value="C:\Users\General\AppData\Local\Temp\surefirebooter4514600714381493724.jar"/>
    <property name="java.io.tmpdir" value="C:\Users\General\AppData\Local\Temp\"/>
    <property name="line.separator" value="
"/>
    <property name="java.vm.specification.vendor" value="Sun Microsystems Inc."/>
    <property name="user.variant" value=""/>
    <property name="os.name" value="Windows Vista"/>
    <property name="sun.jnu.encoding" value="GBK"/>
    <property name="java.library.path" value="F:\workspace_qianwanjian\jdk1.6.0_12\jre\bin;.;C:\Windows\Sun\Java\bin;C:\Windows\system32;C:\Windows;D:/javaDevKit/jdk/jdk1.8.0_73/bin/../jre/bin/client;D:/javaDevKit/jdk/jdk1.8.0_73/bin/../jre/bin;D:/javaDevKit/jdk/jdk1.8.0_73/bin/../jre/lib/i386;E:\app\General\product\11.2.0\dbhome_1\bin;C:\Windows\system32;C:\Windows;C:\Windows\System32\Wbem;C:\Windows\System32\WindowsPowerShell\v1.0\;D:\javaDevKit\jdk\jdk1.8.0_73/bin;D:\Program Files (x86)\MySQL\MySQL Server 5.5\bin;D:\Program Files\VisualSVN Server\bin;D:\Program Files\TortoiseGit\bin;D:\java3Frame\apache-maven-3.5.0\bin;C:\Users\General\AppData\Local\Microsoft\WindowsApps;D:\javaDevKit\javasoft\eclipse_3.7.2;"/>
    <property name="surefire.test.class.path" value="F:\workspace_qianwanjian\pano-bms\pano-bms-web\target\test-classes;F:\workspace_qianwanjian\pano-bms\pano-bms-web\target\classes;F:\workspace_qianwanjian\pano-bms\pano-bms-core\target\pano-bms-core-0.0.1-SNAPSHOT.jar;F:\repository\org\springframework\spring-context\3.0.7.RELEASE\spring-context-3.0.7.RELEASE.jar;F:\repository\org\springframework\spring-aop\3.0.7.RELEASE\spring-aop-3.0.7.RELEASE.jar;F:\repository\aopalliance\aopalliance\1.0\aopalliance-1.0.jar;F:\repository\org\springframework\spring-asm\3.0.7.RELEASE\spring-asm-3.0.7.RELEASE.jar;F:\repository\org\springframework\spring-beans\3.0.7.RELEASE\spring-beans-3.0.7.RELEASE.jar;F:\repository\org\springframework\spring-core\3.0.7.RELEASE\spring-core-3.0.7.RELEASE.jar;F:\repository\commons-logging\commons-logging\1.1.1\commons-logging-1.1.1.jar;F:\repository\org\springframework\spring-expression\3.0.7.RELEASE\spring-expression-3.0.7.RELEASE.jar;F:\repository\org\springframework\spring-webmvc\3.0.7.RELEASE\spring-webmvc-3.0.7.RELEASE.jar;F:\repository\org\springframework\spring-context-support\3.0.7.RELEASE\spring-context-support-3.0.7.RELEASE.jar;F:\repository\org\springframework\spring-web\3.0.7.RELEASE\spring-web-3.0.7.RELEASE.jar;F:\repository\org\springframework\spring-jms\3.0.7.RELEASE\spring-jms-3.0.7.RELEASE.jar;F:\repository\org\springframework\spring-tx\3.0.7.RELEASE\spring-tx-3.0.7.RELEASE.jar;F:\repository\org\springframework\spring-test\3.0.7.RELEASE\spring-test-3.0.7.RELEASE.jar;F:\repository\org\aspectj\aspectjrt\1.6.11\aspectjrt-1.6.11.jar;F:\repository\org\aspectj\aspectjweaver\1.6.11\aspectjweaver-1.6.11.jar;F:\repository\cglib\cglib\2.1\cglib-2.1.jar;F:\repository\asm\asm\1.5.3\asm-1.5.3.jar;F:\repository\asm\asm-util\1.3.4\asm-util-1.3.4.jar;F:\repository\aspectwerkz\aspectwerkz-core\0.8.1\aspectwerkz-core-0.8.1.jar;F:\repository\org\slf4j\slf4j-api\1.6.1\slf4j-api-1.6.1.jar;F:\repository\org\slf4j\slf4j-log4j12\1.6.1\slf4j-log4j12-1.6.1.jar;F:\repository\log4j\log4j\1.2.16\log4j-1.2.16.jar;F:\repository\com\focustech\cief\bundle\common\cief-bundle-common-utils\0.0.1\cief-bundle-common-utils-0.0.1.jar;F:\repository\commons-codec\commons-codec\1.4\commons-codec-1.4.jar;F:\repository\org\jasypt\jasypt\1.6\jasypt-1.6.jar;F:\repository\commons-lang\commons-lang\2.6\commons-lang-2.6.jar;F:\repository\javax\servlet\servlet-api\2.5\servlet-api-2.5.jar;F:\repository\org\apache\velocity\velocity\1.7\velocity-1.7.jar;F:\repository\commons-collections\commons-collections\3.2.1\commons-collections-3.2.1.jar;F:\repository\org\apache\velocity\velocity-tools\2.0\velocity-tools-2.0.jar;F:\repository\commons-beanutils\commons-beanutils\1.8.3\commons-beanutils-1.8.3.jar;F:\repository\commons-digester\commons-digester\1.8\commons-digester-1.8.jar;F:\repository\commons-chain\commons-chain\1.1\commons-chain-1.1.jar;F:\repository\commons-validator\commons-validator\1.3.1\commons-validator-1.3.1.jar;F:\repository\dom4j\dom4j\1.1\dom4j-1.1.jar;F:\repository\oro\oro\2.0.8\oro-2.0.8.jar;F:\repository\sslext\sslext\1.2-0\sslext-1.2-0.jar;F:\repository\org\apache\struts\struts-core\1.3.8\struts-core-1.3.8.jar;F:\repository\antlr\antlr\2.7.2\antlr-2.7.2.jar;F:\repository\org\apache\struts\struts-taglib\1.3.8\struts-taglib-1.3.8.jar;F:\repository\org\apache\struts\struts-tiles\1.3.8\struts-tiles-1.3.8.jar;F:\repository\org\apache\ant\ant\1.8.1\ant-1.8.1.jar;F:\repository\org\apache\ant\ant-launcher\1.8.1\ant-launcher-1.8.1.jar;F:\repository\org\xhtmlrenderer\core-renderer\1.4\core-renderer-1.4.jar;F:\repository\com\lowagie\itext\2.0.8\itext-2.0.8.jar;F:\repository\bouncycastle\bcmail-jdk14\138\bcmail-jdk14-138.jar;F:\repository\bouncycastle\bcprov-jdk14\138\bcprov-jdk14-138.jar;F:\repository\com\sun\media\jmagick\1.0\jmagick-1.0.jar;F:\repository\com\sun\media\jai_codec\1.0\jai_codec-1.0.jar;F:\repository\com\sun\media\jai_core\1.0\jai_core-1.0.jar;F:\repository\com\focustech\utils\mic_encrypt\1.1\mic_encrypt-1.1.jar;F:\repository\org\apache\commons\commons-io\1.3.2\commons-io-1.3.2.jar;F:\repository\javax\mail\mail\1.4.1\mail-1.4.1.jar;F:\repository\javax\activation\activation\1.1\activation-1.1.jar;F:\repository\org\jdom\jdom\1.1\jdom-1.1.jar;F:\repository\org\codehaus\jackson\jackson-mapper-asl\1.8.6\jackson-mapper-asl-1.8.6.jar;F:\repository\org\codehaus\jackson\jackson-core-asl\1.8.6\jackson-core-asl-1.8.6.jar;F:\repository\org\codehaus\jackson\jackson-jaxrs\1.8.6\jackson-jaxrs-1.8.6.jar;F:\repository\org\codehaus\jackson\jackson-xc\1.8.6\jackson-xc-1.8.6.jar;F:\repository\net\sf\json-lib\json-lib\2.3\json-lib-2.3-jdk15.jar;F:\repository\net\sf\ezmorph\ezmorph\1.0.6\ezmorph-1.0.6.jar;F:\repository\com\google\zxing\core\2.2\core-2.2.jar;F:\repository\org\springframework\spring-orm\3.0.7.RELEASE\spring-orm-3.0.7.RELEASE.jar;F:\repository\org\springframework\spring-jdbc\3.0.7.RELEASE\spring-jdbc-3.0.7.RELEASE.jar;F:\repository\org\springframework\spring-instrument\3.0.7.RELEASE\spring-instrument-3.0.7.RELEASE.jar;F:\repository\org\apache\httpcomponents\httpmime\4.3.5\httpmime-4.3.5.jar;F:\repository\org\apache\httpcomponents\httpclient\4.3.5\httpclient-4.3.5.jar;F:\repository\org\apache\httpcomponents\httpcore\4.3.2\httpcore-4.3.2.jar;F:\repository\com\focustech\cief\bundle\common\cief-bundle-common-ibatis\0.0.1\cief-bundle-common-ibatis-0.0.1.jar;F:\repository\com\focustech\cief\cop\ws\api\cop-ws-api\0.0.1\cop-ws-api-0.0.1.jar;F:\repository\com\focustech\cief\cop\util\cop-util\0.0.1\cop-util-0.0.1.jar;F:\repository\com\alibaba\fastjson\1.1.29\fastjson-1.1.29.jar;F:\repository\javax\validation\validation-api\1.1.0.Final\validation-api-1.1.0.Final.jar;F:\repository\com\focustech\cief\cop\error\cop-error\0.0.1\cop-error-0.0.1.jar;F:\repository\org\osgi\org.osgi.core\4.2.0\org.osgi.core-4.2.0.jar;F:\repository\org\apache\servicemix\bundles\org.apache.servicemix.bundles.oscache\2.4_5\org.apache.servicemix.bundles.oscache-2.4_5.jar;F:\repository\logkit\logkit\1.0.1\logkit-1.0.1.jar;F:\repository\avalon-framework\avalon-framework\4.1.3\avalon-framework-4.1.3.jar;F:\repository\org\apache\ibatis\ibatis-sqlmap\2.3.4.726\ibatis-sqlmap-2.3.4.726.jar;F:\repository\javax\persistence\persistence-api\1.0\persistence-api-1.0.jar;F:\repository\org\apache\poi\poi-scratchpad\3.15\poi-scratchpad-3.15.jar;F:\repository\org\apache\poi\poi\3.15\poi-3.15.jar;F:\repository\org\apache\commons\commons-collections4\4.1\commons-collections4-4.1.jar;F:\repository\com\focustech\focus3d\bundle\sms\client\focus3d-sms-client\0.0.2\focus3d-sms-client-0.0.2.jar;F:\repository\com\focustech\focus3d\axis\focus3d-axis\1.4\focus3d-axis-1.4.jar;F:\repository\jaxrpc\jaxrpc\1.1\jaxrpc-1.1.jar;F:\repository\wsdl4j\wsdl4j\1.6.2\wsdl4j-1.6.2.jar;F:\repository\commons-discovery\commons-discovery\0.2\commons-discovery-0.2.jar;F:\repository\org\slf4j\jcl-over-slf4j\1.7.12\jcl-over-slf4j-1.7.12.jar;F:\repository\javax\activation\com.springsource.javax.activation\1.1.1\com.springsource.javax.activation-1.1.1.jar;F:\repository\javax\mail\com.springsource.javax.mail\1.4.5\com.springsource.javax.mail-1.4.5.jar;F:\repository\com\focustech\cief\bundle\common\cief-bundle-common-cfsclient\2.3.3\cief-bundle-common-cfsclient-2.3.3.jar;F:\repository\org\springframework\spring-aspects\3.0.7.RELEASE\spring-aspects-3.0.7.RELEASE.jar;F:\repository\org\apache\xmlrpc\xmlrpc-client\3.1\xmlrpc-client-3.1.jar;F:\repository\org\apache\xmlrpc\xmlrpc-common\3.1\xmlrpc-common-3.1.jar;F:\repository\org\apache\ws\commons\util\ws-commons-util\1.0.2\ws-commons-util-1.0.2.jar;F:\repository\junit\junit\4.11\junit-4.11.jar;F:\repository\xml-apis\xml-apis\1.0.b2\xml-apis-1.0.b2.jar;F:\repository\org\apache\xmlrpc\xmlrpc-server\3.1\xmlrpc-server-3.1.jar;F:\repository\com\focustech\cief\cief-commons-httpclient\0.0.1\cief-commons-httpclient-0.0.1.jar;F:\repository\commons-cli\commons-cli\1.2\commons-cli-1.2.jar;F:\repository\commons-fileupload\commons-fileupload\1.2\commons-fileupload-1.2.jar;F:\repository\com\caucho\hessian\3.1.3\hessian-3.1.3.jar;F:\repository\com\focustech\focus3d\bundle\client\focus3d-cache-client\0.1.0\focus3d-cache-client-0.1.0.jar;F:\repository\com\focustech\focus3d\bundle\zkclient\focus3d-zookeeper-client\1.1.0\focus3d-zookeeper-client-1.1.0.jar;F:\repository\com\focustech\focus3d\zookeeper\focus3d-zookeeper\3.4.5\focus3d-zookeeper-3.4.5.jar;F:\repository\commons-io\commons-io\1.4\commons-io-1.4.jar;F:\repository\com\focustech\focus3d\bundle\fileserver\data\api\focus3d-fileserver-data-api\0.0.10\focus3d-fileserver-data-api-0.0.10.jar;F:\repository\com\focustech\focus3d\ibator\ibator-generator-simple\0.0.1\ibator-generator-simple-0.0.1.jar;F:\repository\commons-dbcp\commons-dbcp\1.4\commons-dbcp-1.4.jar;F:\repository\commons-pool\commons-pool\1.5.4\commons-pool-1.5.4.jar;F:\repository\org\hamcrest\hamcrest-core\1.3\hamcrest-core-1.3.jar;"/>
    <property name="java.specification.name" value="Java Platform API Specification"/>
    <property name="java.class.version" value="50.0"/>
    <property name="sun.management.compiler" value="HotSpot Client Compiler"/>
    <property name="os.version" value="6.1"/>
    <property name="user.home" value="C:\Users\General"/>
    <property name="user.timezone" value=""/>
    <property name="java.awt.printerjob" value="sun.awt.windows.WPrinterJob"/>
    <property name="java.specification.version" value="1.6"/>
    <property name="file.encoding" value="GBK"/>
    <property name="user.name" value="General"/>
    <property name="java.class.path" value="F:\workspace_qianwanjian\pano-bms\pano-bms-web\target\test-classes;F:\workspace_qianwanjian\pano-bms\pano-bms-web\target\classes;F:\workspace_qianwanjian\pano-bms\pano-bms-core\target\pano-bms-core-0.0.1-SNAPSHOT.jar;F:\repository\org\springframework\spring-context\3.0.7.RELEASE\spring-context-3.0.7.RELEASE.jar;F:\repository\org\springframework\spring-aop\3.0.7.RELEASE\spring-aop-3.0.7.RELEASE.jar;F:\repository\aopalliance\aopalliance\1.0\aopalliance-1.0.jar;F:\repository\org\springframework\spring-asm\3.0.7.RELEASE\spring-asm-3.0.7.RELEASE.jar;F:\repository\org\springframework\spring-beans\3.0.7.RELEASE\spring-beans-3.0.7.RELEASE.jar;F:\repository\org\springframework\spring-core\3.0.7.RELEASE\spring-core-3.0.7.RELEASE.jar;F:\repository\commons-logging\commons-logging\1.1.1\commons-logging-1.1.1.jar;F:\repository\org\springframework\spring-expression\3.0.7.RELEASE\spring-expression-3.0.7.RELEASE.jar;F:\repository\org\springframework\spring-webmvc\3.0.7.RELEASE\spring-webmvc-3.0.7.RELEASE.jar;F:\repository\org\springframework\spring-context-support\3.0.7.RELEASE\spring-context-support-3.0.7.RELEASE.jar;F:\repository\org\springframework\spring-web\3.0.7.RELEASE\spring-web-3.0.7.RELEASE.jar;F:\repository\org\springframework\spring-jms\3.0.7.RELEASE\spring-jms-3.0.7.RELEASE.jar;F:\repository\org\springframework\spring-tx\3.0.7.RELEASE\spring-tx-3.0.7.RELEASE.jar;F:\repository\org\springframework\spring-test\3.0.7.RELEASE\spring-test-3.0.7.RELEASE.jar;F:\repository\org\aspectj\aspectjrt\1.6.11\aspectjrt-1.6.11.jar;F:\repository\org\aspectj\aspectjweaver\1.6.11\aspectjweaver-1.6.11.jar;F:\repository\cglib\cglib\2.1\cglib-2.1.jar;F:\repository\asm\asm\1.5.3\asm-1.5.3.jar;F:\repository\asm\asm-util\1.3.4\asm-util-1.3.4.jar;F:\repository\aspectwerkz\aspectwerkz-core\0.8.1\aspectwerkz-core-0.8.1.jar;F:\repository\org\slf4j\slf4j-api\1.6.1\slf4j-api-1.6.1.jar;F:\repository\org\slf4j\slf4j-log4j12\1.6.1\slf4j-log4j12-1.6.1.jar;F:\repository\log4j\log4j\1.2.16\log4j-1.2.16.jar;F:\repository\com\focustech\cief\bundle\common\cief-bundle-common-utils\0.0.1\cief-bundle-common-utils-0.0.1.jar;F:\repository\commons-codec\commons-codec\1.4\commons-codec-1.4.jar;F:\repository\org\jasypt\jasypt\1.6\jasypt-1.6.jar;F:\repository\commons-lang\commons-lang\2.6\commons-lang-2.6.jar;F:\repository\javax\servlet\servlet-api\2.5\servlet-api-2.5.jar;F:\repository\org\apache\velocity\velocity\1.7\velocity-1.7.jar;F:\repository\commons-collections\commons-collections\3.2.1\commons-collections-3.2.1.jar;F:\repository\org\apache\velocity\velocity-tools\2.0\velocity-tools-2.0.jar;F:\repository\commons-beanutils\commons-beanutils\1.8.3\commons-beanutils-1.8.3.jar;F:\repository\commons-digester\commons-digester\1.8\commons-digester-1.8.jar;F:\repository\commons-chain\commons-chain\1.1\commons-chain-1.1.jar;F:\repository\commons-validator\commons-validator\1.3.1\commons-validator-1.3.1.jar;F:\repository\dom4j\dom4j\1.1\dom4j-1.1.jar;F:\repository\oro\oro\2.0.8\oro-2.0.8.jar;F:\repository\sslext\sslext\1.2-0\sslext-1.2-0.jar;F:\repository\org\apache\struts\struts-core\1.3.8\struts-core-1.3.8.jar;F:\repository\antlr\antlr\2.7.2\antlr-2.7.2.jar;F:\repository\org\apache\struts\struts-taglib\1.3.8\struts-taglib-1.3.8.jar;F:\repository\org\apache\struts\struts-tiles\1.3.8\struts-tiles-1.3.8.jar;F:\repository\org\apache\ant\ant\1.8.1\ant-1.8.1.jar;F:\repository\org\apache\ant\ant-launcher\1.8.1\ant-launcher-1.8.1.jar;F:\repository\org\xhtmlrenderer\core-renderer\1.4\core-renderer-1.4.jar;F:\repository\com\lowagie\itext\2.0.8\itext-2.0.8.jar;F:\repository\bouncycastle\bcmail-jdk14\138\bcmail-jdk14-138.jar;F:\repository\bouncycastle\bcprov-jdk14\138\bcprov-jdk14-138.jar;F:\repository\com\sun\media\jmagick\1.0\jmagick-1.0.jar;F:\repository\com\sun\media\jai_codec\1.0\jai_codec-1.0.jar;F:\repository\com\sun\media\jai_core\1.0\jai_core-1.0.jar;F:\repository\com\focustech\utils\mic_encrypt\1.1\mic_encrypt-1.1.jar;F:\repository\org\apache\commons\commons-io\1.3.2\commons-io-1.3.2.jar;F:\repository\javax\mail\mail\1.4.1\mail-1.4.1.jar;F:\repository\javax\activation\activation\1.1\activation-1.1.jar;F:\repository\org\jdom\jdom\1.1\jdom-1.1.jar;F:\repository\org\codehaus\jackson\jackson-mapper-asl\1.8.6\jackson-mapper-asl-1.8.6.jar;F:\repository\org\codehaus\jackson\jackson-core-asl\1.8.6\jackson-core-asl-1.8.6.jar;F:\repository\org\codehaus\jackson\jackson-jaxrs\1.8.6\jackson-jaxrs-1.8.6.jar;F:\repository\org\codehaus\jackson\jackson-xc\1.8.6\jackson-xc-1.8.6.jar;F:\repository\net\sf\json-lib\json-lib\2.3\json-lib-2.3-jdk15.jar;F:\repository\net\sf\ezmorph\ezmorph\1.0.6\ezmorph-1.0.6.jar;F:\repository\com\google\zxing\core\2.2\core-2.2.jar;F:\repository\org\springframework\spring-orm\3.0.7.RELEASE\spring-orm-3.0.7.RELEASE.jar;F:\repository\org\springframework\spring-jdbc\3.0.7.RELEASE\spring-jdbc-3.0.7.RELEASE.jar;F:\repository\org\springframework\spring-instrument\3.0.7.RELEASE\spring-instrument-3.0.7.RELEASE.jar;F:\repository\org\apache\httpcomponents\httpmime\4.3.5\httpmime-4.3.5.jar;F:\repository\org\apache\httpcomponents\httpclient\4.3.5\httpclient-4.3.5.jar;F:\repository\org\apache\httpcomponents\httpcore\4.3.2\httpcore-4.3.2.jar;F:\repository\com\focustech\cief\bundle\common\cief-bundle-common-ibatis\0.0.1\cief-bundle-common-ibatis-0.0.1.jar;F:\repository\com\focustech\cief\cop\ws\api\cop-ws-api\0.0.1\cop-ws-api-0.0.1.jar;F:\repository\com\focustech\cief\cop\util\cop-util\0.0.1\cop-util-0.0.1.jar;F:\repository\com\alibaba\fastjson\1.1.29\fastjson-1.1.29.jar;F:\repository\javax\validation\validation-api\1.1.0.Final\validation-api-1.1.0.Final.jar;F:\repository\com\focustech\cief\cop\error\cop-error\0.0.1\cop-error-0.0.1.jar;F:\repository\org\osgi\org.osgi.core\4.2.0\org.osgi.core-4.2.0.jar;F:\repository\org\apache\servicemix\bundles\org.apache.servicemix.bundles.oscache\2.4_5\org.apache.servicemix.bundles.oscache-2.4_5.jar;F:\repository\logkit\logkit\1.0.1\logkit-1.0.1.jar;F:\repository\avalon-framework\avalon-framework\4.1.3\avalon-framework-4.1.3.jar;F:\repository\org\apache\ibatis\ibatis-sqlmap\2.3.4.726\ibatis-sqlmap-2.3.4.726.jar;F:\repository\javax\persistence\persistence-api\1.0\persistence-api-1.0.jar;F:\repository\org\apache\poi\poi-scratchpad\3.15\poi-scratchpad-3.15.jar;F:\repository\org\apache\poi\poi\3.15\poi-3.15.jar;F:\repository\org\apache\commons\commons-collections4\4.1\commons-collections4-4.1.jar;F:\repository\com\focustech\focus3d\bundle\sms\client\focus3d-sms-client\0.0.2\focus3d-sms-client-0.0.2.jar;F:\repository\com\focustech\focus3d\axis\focus3d-axis\1.4\focus3d-axis-1.4.jar;F:\repository\jaxrpc\jaxrpc\1.1\jaxrpc-1.1.jar;F:\repository\wsdl4j\wsdl4j\1.6.2\wsdl4j-1.6.2.jar;F:\repository\commons-discovery\commons-discovery\0.2\commons-discovery-0.2.jar;F:\repository\org\slf4j\jcl-over-slf4j\1.7.12\jcl-over-slf4j-1.7.12.jar;F:\repository\javax\activation\com.springsource.javax.activation\1.1.1\com.springsource.javax.activation-1.1.1.jar;F:\repository\javax\mail\com.springsource.javax.mail\1.4.5\com.springsource.javax.mail-1.4.5.jar;F:\repository\com\focustech\cief\bundle\common\cief-bundle-common-cfsclient\2.3.3\cief-bundle-common-cfsclient-2.3.3.jar;F:\repository\org\springframework\spring-aspects\3.0.7.RELEASE\spring-aspects-3.0.7.RELEASE.jar;F:\repository\org\apache\xmlrpc\xmlrpc-client\3.1\xmlrpc-client-3.1.jar;F:\repository\org\apache\xmlrpc\xmlrpc-common\3.1\xmlrpc-common-3.1.jar;F:\repository\org\apache\ws\commons\util\ws-commons-util\1.0.2\ws-commons-util-1.0.2.jar;F:\repository\junit\junit\4.11\junit-4.11.jar;F:\repository\xml-apis\xml-apis\1.0.b2\xml-apis-1.0.b2.jar;F:\repository\org\apache\xmlrpc\xmlrpc-server\3.1\xmlrpc-server-3.1.jar;F:\repository\com\focustech\cief\cief-commons-httpclient\0.0.1\cief-commons-httpclient-0.0.1.jar;F:\repository\commons-cli\commons-cli\1.2\commons-cli-1.2.jar;F:\repository\commons-fileupload\commons-fileupload\1.2\commons-fileupload-1.2.jar;F:\repository\com\caucho\hessian\3.1.3\hessian-3.1.3.jar;F:\repository\com\focustech\focus3d\bundle\client\focus3d-cache-client\0.1.0\focus3d-cache-client-0.1.0.jar;F:\repository\com\focustech\focus3d\bundle\zkclient\focus3d-zookeeper-client\1.1.0\focus3d-zookeeper-client-1.1.0.jar;F:\repository\com\focustech\focus3d\zookeeper\focus3d-zookeeper\3.4.5\focus3d-zookeeper-3.4.5.jar;F:\repository\commons-io\commons-io\1.4\commons-io-1.4.jar;F:\repository\com\focustech\focus3d\bundle\fileserver\data\api\focus3d-fileserver-data-api\0.0.10\focus3d-fileserver-data-api-0.0.10.jar;F:\repository\com\focustech\focus3d\ibator\ibator-generator-simple\0.0.1\ibator-generator-simple-0.0.1.jar;F:\repository\commons-dbcp\commons-dbcp\1.4\commons-dbcp-1.4.jar;F:\repository\commons-pool\commons-pool\1.5.4\commons-pool-1.5.4.jar;F:\repository\org\hamcrest\hamcrest-core\1.3\hamcrest-core-1.3.jar;"/>
    <property name="java.vm.specification.version" value="1.0"/>
    <property name="sun.arch.data.model" value="32"/>
    <property name="java.home" value="F:\workspace_qianwanjian\jdk1.6.0_12\jre"/>
    <property name="java.specification.vendor" value="Sun Microsystems Inc."/>
    <property name="user.language" value="zh"/>
    <property name="awt.toolkit" value="sun.awt.windows.WToolkit"/>
    <property name="java.vm.info" value="mixed mode, sharing"/>
    <property name="java.version" value="1.6.0_12"/>
    <property name="java.ext.dirs" value="F:\workspace_qianwanjian\jdk1.6.0_12\jre\lib\ext;C:\Windows\Sun\Java\lib\ext"/>
    <property name="sun.boot.class.path" value="F:\workspace_qianwanjian\jdk1.6.0_12\jre\lib\resources.jar;F:\workspace_qianwanjian\jdk1.6.0_12\jre\lib\rt.jar;F:\workspace_qianwanjian\jdk1.6.0_12\jre\lib\sunrsasign.jar;F:\workspace_qianwanjian\jdk1.6.0_12\jre\lib\jsse.jar;F:\workspace_qianwanjian\jdk1.6.0_12\jre\lib\jce.jar;F:\workspace_qianwanjian\jdk1.6.0_12\jre\lib\charsets.jar;F:\workspace_qianwanjian\jdk1.6.0_12\jre\classes"/>
    <property name="java.vendor" value="Sun Microsystems Inc."/>
    <property name="localRepository" value="F:\repository"/>
    <property name="file.separator" value="\"/>
    <property name="java.vendor.url.bug" value="http://java.sun.com/cgi-bin/bugreport.cgi"/>
    <property name="sun.cpu.endian" value="little"/>
    <property name="sun.io.unicode.encoding" value="UnicodeLittle"/>
    <property name="sun.desktop" value="windows"/>
    <property name="sun.cpu.isalist" value="pentium_pro+mmx pentium_pro pentium+mmx pentium i486 i386 i86"/>
  </properties>
  <testcase time="0" classname="com.focus3d.pano.test.ProductTest" name="initializationError">
    <error message="No runnable methods" type="java.lang.Exception">java.lang.Exception: No runnable methods
	at org.junit.runners.BlockJUnit4ClassRunner.validateInstanceMethods(BlockJUnit4ClassRunner.java:169)
	at org.junit.runners.BlockJUnit4ClassRunner.collectInitializationErrors(BlockJUnit4ClassRunner.java:104)
	at org.junit.runners.ParentRunner.validate(ParentRunner.java:355)
	at org.junit.runners.ParentRunner.&lt;init&gt;(ParentRunner.java:76)
	at org.junit.runners.BlockJUnit4ClassRunner.&lt;init&gt;(BlockJUnit4ClassRunner.java:57)
	at org.springframework.test.context.junit4.SpringJUnit4ClassRunner.&lt;init&gt;(SpringJUnit4ClassRunner.java:104)
	at com.focus3d.pano.test.SpringJunit4ClassRunner.&lt;init&gt;(SpringJunit4ClassRunner.java:19)
	at sun.reflect.NativeConstructorAccessorImpl.newInstance0(Native Method)
	at sun.reflect.NativeConstructorAccessorImpl.newInstance(NativeConstructorAccessorImpl.java:39)
	at sun.reflect.DelegatingConstructorAccessorImpl.newInstance(DelegatingConstructorAccessorImpl.java:27)
	at java.lang.reflect.Constructor.newInstance(Constructor.java:513)
	at org.junit.internal.builders.AnnotatedBuilder.buildRunner(AnnotatedBuilder.java:29)
	at org.junit.internal.builders.AnnotatedBuilder.runnerForClass(AnnotatedBuilder.java:21)
	at org.junit.runners.model.RunnerBuilder.safeRunnerForClass(RunnerBuilder.java:59)
	at org.junit.internal.builders.AllDefaultPossibilitiesBuilder.runnerForClass(AllDefaultPossibilitiesBuilder.java:26)
	at org.junit.runners.model.RunnerBuilder.safeRunnerForClass(RunnerBuilder.java:59)
	at org.junit.internal.requests.ClassRequest.getRunner(ClassRequest.java:26)
	at org.apache.maven.surefire.junit4.JUnit4TestSet.&lt;init&gt;(JUnit4TestSet.java:45)
	at org.apache.maven.surefire.junit4.JUnit4DirectoryTestSuite.createTestSet(JUnit4DirectoryTestSuite.java:56)
	at org.apache.maven.surefire.suite.AbstractDirectoryTestSuite.locateTestSets(AbstractDirectoryTestSuite.java:96)
	at org.apache.maven.surefire.Surefire.createSuiteFromDefinition(Surefire.java:209)
	at org.apache.maven.surefire.Surefire.run(Surefire.java:156)
	at sun.reflect.NativeMethodAccessorImpl.invoke0(Native Method)
	at sun.reflect.NativeMethodAccessorImpl.invoke(NativeMethodAccessorImpl.java:39)
	at sun.reflect.DelegatingMethodAccessorImpl.invoke(DelegatingMethodAccessorImpl.java:25)
	at java.lang.reflect.Method.invoke(Method.java:597)
	at org.apache.maven.surefire.booter.SurefireBooter.runSuitesInProcess(SurefireBooter.java:345)
	at org.apache.maven.surefire.booter.SurefireBooter.main(SurefireBooter.java:1009)
</error>
  </testcase>
</testsuite>